<?xml version="1.0" encoding="UTF-8"?>
<!-- Generated by org.testng.reporters.JUnitXMLReporter -->
<testsuite ignored="0" hostname="LAPTOP-G5AM45TG" failures="1" tests="6" name="Test" time="62.279" errors="0" timestamp="2025-04-05T23:12:53 NPT">
  <testcase classname="testCases.TC003_LoginDDT" name="verify_loginDDT" time="11.374">
    <failure type="java.lang.AssertionError" message="expected [true] but found [false]">
      <![CDATA[java.lang.AssertionError: expected [true] but found [false]
at testCases.TC003_LoginDDT.verify_loginDDT(TC003_LoginDDT.java:55)
at java.base/java.util.ArrayList.forEach(ArrayList.java:1596)
... Removed 29 stack frames]]>
    </failure>
  </testcase> <!-- verify_loginDDT -->
  <testcase classname="testCases.TC003_LoginDDT" name="verify_loginDDT" time="4.958"/>
  <testcase classname="testCases.TC003_LoginDDT" name="verify_loginDDT" time="4.975"/>
  <testcase classname="testCases.TC003_LoginDDT" name="verify_loginDDT" time="14.299"/>
  <testcase classname="testCases.TC003_LoginDDT" name="verify_loginDDT" time="4.754"/>
  <testcase classname="testCases.TC003_LoginDDT" name="verify_loginDDT" time="14.183"/>
</testsuite> <!-- Test -->
